BD
SET_INCH
C
BEGIN_EINRICHTEPLAN_INFO
C
ZA,MM,2
MM,AT,1, 60,1,1,,,,,T
MM,AT,1,170,1,1,,,,,T
ZA,DA,1
C
DA,01000,1
C
ENDE_EINRICHTEPLAN_INFO
C
BEGIN_SHEET_TECH
C
ZA,MM,6
MM,AT,1, 10,1,1,,,,,T
MM,AT,1, 20,1,1,,,,'in',Z
MM,AT,1, 30,1,1,,,,'in',Z
MM,AT,1, 40,1,1,,,,'in',Z
MM,AT,1,220,1,1,,,,'in',Z
MM,AT,1,230,1,1,,,,'in',Z
C
ZA,DA,1
DA,'SHT-1',96.000,48.000,0.048,96.000,48.000
C
ENDE_SHEET_TECH
C
BEGIN_SHEET_LOAD
C
ZA,MM,10
MM,AT,1, 10,1,1,,,,,T
MM,AT,1,500,1,1,,,,,Z
MM,AT,1,620,1,1,,,,,Z
MM,AT,1,630,1,1,,,,,Z
MM,AT,1,640,1,1,,,,'in',Z
MM,AT,1,650,1,1,,,,'in',Z
MM,AT,1,660,1,1,,,,'Bool',Z
MM,AT,1,690,1,1,,,,,Z
MM,AT,1,700,1,1,,,,,Z
MM,AT,1,710,1,1,,,,,Z
C
ZA,DA,1
DA,'SHL-1',1,1,0,2.0,2.0,1,1,1,1
C
ENDE_SHEET_LOAD
C
BEGIN_LTT_CALLS
C
ZA,MM,1
MM,AT,1, 10,1,1,,,,,T
C
ZA,DA,1
DA,'21425'
C
ENDE_LTT_CALLS
C
BEGIN_PROGRAMM
C
ZA,MM,4
MM,AT,1, 10,1,1,,,,,T
MM,AT,1, 20,1,1,,,,,T
MM,AT,1, 30,1,1,,,,,T
MM,AT,1, 40,1,1,,,,,Z
C
ZA,DA,2
DA,'LC101000','UP',,
START_TEXT
N10; (1000)
N20 MSG("SUB-PROGRAM NO., P1001000")
N30 G90
N40
N50 G01 X11.941 Y1.502
N60TC_LASER_ON(11,"21425",0,500)
N70 G03 I-0.0150
N80TC_LASER_OFF(3)
N90 G01 X12.103 Y.815
N100TC_LASER_ON(11,"21425",0,500)
N110 G03 I-0.0150
N120TC_LASER_OFF(3)
N130 G01 X7.614
N140TC_LASER_ON(11,"21425",0,500)
N150 G03 I-0.0150
N160TC_LASER_OFF(3)
N170 G01 X7.283 Y1.502
N180TC_LASER_ON(11,"21425",0,500)
N190 G03 I-0.0150
N200TC_LASER_OFF(3)
N210 G01 X3.125 Y.815
N220TC_LASER_ON(11,"21425",0,500)
N230 G03 I-0.0150
N240TC_LASER_OFF(3)
N250 G01 X5.165 Y3.384
N260TC_LASER_ON(11,"21425",0,500)
N270 G03 I-0.0150
N280TC_LASER_OFF(3)
N290 G01 X2.71 Y2.933
N300TC_LASER_ON(11,"21425",0,500)
N310 G03 I-0.0150
N320TC_LASER_OFF(3)
N330 G01 X2.094
N340TC_LASER_ON(11,"21425",0,500)
N350 G03 I-0.0150
N360TC_LASER_OFF(3)
N370 G01 X1.479 Y3.183
N380TC_LASER_ON(11,"21425",0,500)
N390 G03 I-0.0150
N400TC_LASER_OFF(3)
N410 G01 X1.243 Y2.933
N420TC_LASER_ON(11,"21425",0,500)
N430 G03 I-0.0150
N440TC_LASER_OFF(3)
N450 G01 Y6.989
N460TC_LASER_ON(11,"21425",0,500)
N470 G03 I-0.0150
N480TC_LASER_OFF(3)
N490 G01 X1.479 Y7.931
N500TC_LASER_ON(11,"21425",0,500)
N510 G03 I-0.0150
N520TC_LASER_OFF(3)
N530 G01 X2.094 Y7.726
N540TC_LASER_ON(11,"21425",0,500)
N550 G03 I-0.0150
N560TC_LASER_OFF(3)
N570 G01 X2.71
N580TC_LASER_ON(11,"21425",0,500)
N590 G03 I-0.0150
N600TC_LASER_OFF(3)
N610 G01 X5.165 Y8.095
N620TC_LASER_ON(11,"21425",0,500)
N630 G03 I-0.0150
N640TC_LASER_OFF(3)
N650 G01 X1.243 Y11.045
N660TC_LASER_ON(11,"21425",0,500)
N670 G03 I-0.0150
N680TC_LASER_OFF(3)
N690 G01 X1.479 Y12.679
N700TC_LASER_ON(11,"21425",0,500)
N710 G03 I-0.0150
N720TC_LASER_OFF(3)
N730 G01 X2.094 Y12.52
N740TC_LASER_ON(11,"21425",0,500)
N750 G03 I-0.0150
N760TC_LASER_OFF(3)
N770 G01 X2.71
N780TC_LASER_ON(11,"21425",0,500)
N790 G03 I-0.0150
N800TC_LASER_OFF(3)
N810 G01 X5.165 Y12.807
N820TC_LASER_ON(11,"21425",0,500)
N830 G03 I-0.0150
N840TC_LASER_OFF(3)
N850 G01 X1.243 Y15.101
N860TC_LASER_ON(11,"21425",0,500)
N870 G03 I-0.0150
N880TC_LASER_OFF(3)
N890 G01 X1.479 Y17.427
N900TC_LASER_ON(11,"21425",0,500)
N910 G03 I-0.0150
N920TC_LASER_OFF(3)
N930 G01 X2.094 Y17.313
N940TC_LASER_ON(11,"21425",0,500)
N950 G03 I-0.0150
N960TC_LASER_OFF(3)
N970 G01 X2.71
N980TC_LASER_ON(11,"21425",0,500)
N990 G03 I-0.0150
N1000TC_LASER_OFF(3)
N1010 G01 X5.165 Y17.518
N1020TC_LASER_ON(11,"21425",0,500)
N1030 G03 I-0.0150
N1040TC_LASER_OFF(3)
N1050 G01 X1.243 Y19.157
N1060TC_LASER_ON(11,"21425",0,500)
N1070 G03 I-0.0150
N1080TC_LASER_OFF(3)
N1090 G01 X7.283 Y20.009
N1100TC_LASER_ON(11,"21425",0,500)
N1110 G03 I-0.0150
N1120TC_LASER_OFF(3)
N1130 G01 X11.941
N1140TC_LASER_ON(11,"21425",0,500)
N1150 G03 I-0.0150
N1160TC_LASER_OFF(3)
N1170 G01 X16.599
N1180TC_LASER_ON(11,"21425",0,500)
N1190 G03 I-0.0150
N1200TC_LASER_OFF(3)
N1210 G01 X21.258
N1220TC_LASER_ON(11,"21425",0,500)
N1230 G03 I-0.0150
N1240TC_LASER_OFF(3)
N1250 G01 X5.165 Y22.229
N1260TC_LASER_ON(11,"21425",0,500)
N1270 G03 I-0.0150
N1280TC_LASER_OFF(3)
N1290 G01 X2.71 Y22.106
N1300TC_LASER_ON(11,"21425",0,500)
N1310 G03 I-0.0150
N1320TC_LASER_OFF(3)
N1330 G01 X2.094
N1340TC_LASER_ON(11,"21425",0,500)
N1350 G03 I-0.0150
N1360TC_LASER_OFF(3)
N1370 G01 X1.479 Y22.175
N1380TC_LASER_ON(11,"21425",0,500)
N1390 G03 I-0.0150
N1400TC_LASER_OFF(3)
N1410 G01 X1.243 Y23.213
N1420TC_LASER_ON(11,"21425",0,500)
N1430 G03 I-0.0150
N1440TC_LASER_OFF(3)
N1450 G01 Y27.269
N1460TC_LASER_ON(11,"21425",0,500)
N1470 G03 I-0.0150
N1480TC_LASER_OFF(3)
N1490 G01 X1.479 Y26.923
N1500TC_LASER_ON(11,"21425",0,500)
N1510 G03 I-0.0150
N1520TC_LASER_OFF(3)
N1530 G01 X2.094 Y26.9
N1540TC_LASER_ON(11,"21425",0,500)
N1550 G03 I-0.0150
N1560TC_LASER_OFF(3)
N1570 G01 X2.71
N1580TC_LASER_ON(11,"21425",0,500)
N1590 G03 I-0.0150
N1600TC_LASER_OFF(3)
N1610 G01 X5.165 Y26.941
N1620TC_LASER_ON(11,"21425",0,500)
N1630 G03 I-0.0150
N1640TC_LASER_OFF(3)
N1650 G01 Y31.652
N1660TC_LASER_ON(11,"21425",0,500)
N1670 G03 I-0.0150
N1680TC_LASER_OFF(3)
N1690 G01 X2.71 Y31.693
N1700TC_LASER_ON(11,"21425",0,500)
N1710 G03 I-0.0150
N1720TC_LASER_OFF(3)
N1730 G01 X2.094
N1740TC_LASER_ON(11,"21425",0,500)
N1750 G03 I-0.0150
N1760TC_LASER_OFF(3)
N1770 G01 X1.479 Y31.67
N1780TC_LASER_ON(11,"21425",0,500)
N1790 G03 I-0.0150
N1800TC_LASER_OFF(3)
N1810 G01 X1.243 Y31.324
N1820TC_LASER_ON(11,"21425",0,500)
N1830 G03 I-0.0150
N1840TC_LASER_OFF(3)
N1850 G01 Y35.38
N1860TC_LASER_ON(11,"21425",0,500)
N1870 G03 I-0.0150
N1880TC_LASER_OFF(3)
N1890 G01 X1.479 Y36.418
N1900TC_LASER_ON(11,"21425",0,500)
N1910 G03 I-0.0150
N1920TC_LASER_OFF(3)
N1930 G01 X2.094 Y36.487
N1940TC_LASER_ON(11,"21425",0,500)
N1950 G03 I-0.0150
N1960TC_LASER_OFF(3)
N1970 G01 X2.71
N1980TC_LASER_ON(11,"21425",0,500)
N1990 G03 I-0.0150
N2000TC_LASER_OFF(3)
N2010 G01 X5.165 Y36.364
N2020TC_LASER_ON(11,"21425",0,500)
N2030 G03 I-0.0150
N2040TC_LASER_OFF(3)
N2050 G01 X21.258 Y38.585
N2060TC_LASER_ON(11,"21425",0,500)
N2070 G03 I-0.0150
N2080TC_LASER_OFF(3)
N2090 G01 X16.599
N2100TC_LASER_ON(11,"21425",0,500)
N2110 G03 I-0.0150
N2120TC_LASER_OFF(3)
N2130 G01 X11.941
N2140TC_LASER_ON(11,"21425",0,500)
N2150 G03 I-0.0150
N2160TC_LASER_OFF(3)
N2170 G01 X7.283
N2180TC_LASER_ON(11,"21425",0,500)
N2190 G03 I-0.0150
N2200TC_LASER_OFF(3)
N2210 G01 X1.243 Y39.436
N2220TC_LASER_ON(11,"21425",0,500)
N2230 G03 I-0.0150
N2240TC_LASER_OFF(3)
N2250 G01 X1.479 Y41.166
N2260TC_LASER_ON(11,"21425",0,500)
N2270 G03 I-0.0150
N2280TC_LASER_OFF(3)
N2290 G01 X2.094 Y41.28
N2300TC_LASER_ON(11,"21425",0,500)
N2310 G03 I-0.0150
N2320TC_LASER_OFF(3)
N2330 G01 X2.71
N2340TC_LASER_ON(11,"21425",0,500)
N2350 G03 I-0.0150
N2360TC_LASER_OFF(3)
N2370 G01 X5.165 Y41.075
N2380TC_LASER_ON(11,"21425",0,500)
N2390 G03 I-0.0150
N2400TC_LASER_OFF(3)
N2410 G01 X1.243 Y43.492
N2420TC_LASER_ON(11,"21425",0,500)
N2430 G03 I-0.0150
N2440TC_LASER_OFF(3)
N2450 G01 X1.479 Y45.914
N2460TC_LASER_ON(11,"21425",0,500)
N2470 G03 I-0.0150
N2480TC_LASER_OFF(3)
N2490 G01 X2.094 Y46.073
N2500TC_LASER_ON(11,"21425",0,500)
N2510 G03 I-0.0150
N2520TC_LASER_OFF(3)
N2530 G01 X2.71
N2540TC_LASER_ON(11,"21425",0,500)
N2550 G03 I-0.0150
N2560TC_LASER_OFF(3)
N2570 G01 X5.165 Y45.786
N2580TC_LASER_ON(11,"21425",0,500)
N2590 G03 I-0.0150
N2600TC_LASER_OFF(3)
N2610 G01 X1.243 Y47.548
N2620TC_LASER_ON(11,"21425",0,500)
N2630 G03 I-0.0150
N2640TC_LASER_OFF(3)
N2650 G01 X1.479 Y50.662
N2660TC_LASER_ON(11,"21425",0,500)
N2670 G03 I-0.0150
N2680TC_LASER_OFF(3)
N2690 G01 X2.094 Y50.867
N2700TC_LASER_ON(11,"21425",0,500)
N2710 G03 I-0.0150
N2720TC_LASER_OFF(3)
N2730 G01 X2.71
N2740TC_LASER_ON(11,"21425",0,500)
N2750 G03 I-0.0150
N2760TC_LASER_OFF(3)
N2770 G01 X5.165 Y50.498
N2780TC_LASER_ON(11,"21425",0,500)
N2790 G03 I-0.0150
N2800TC_LASER_OFF(3)
N2810 G01 X1.243 Y51.604
N2820TC_LASER_ON(11,"21425",0,500)
N2830 G03 I-0.0150
N2840TC_LASER_OFF(3)
N2850 G01 Y55.66
N2860TC_LASER_ON(11,"21425",0,500)
N2870 G03 I-0.0150
N2880TC_LASER_OFF(3)
N2890 G01
N2900TC_LASER_ON(11,"21425",0,500)
N2910 G03 I-0.0150
N2920TC_LASER_OFF(3)
N2930 G01 X1.479 Y55.41
N2940TC_LASER_ON(11,"21425",0,500)
N2950 G03 I-0.0150
N2960TC_LASER_OFF(3)
N2970 G01 X2.094 Y55.66
N2980TC_LASER_ON(11,"21425",0,500)
N2990 G03 I-0.0150
N3000TC_LASER_OFF(3)
N3010 G01 X2.71
N3020TC_LASER_ON(11,"21425",0,500)
N3030 G03 I-0.0150
N3040TC_LASER_OFF(3)
N3050 G01 X5.165 Y55.209
N3060TC_LASER_ON(11,"21425",0,500)
N3070 G03 I-0.0150
N3080TC_LASER_OFF(3)
N3090 G01 X3.125 Y57.778
N3100TC_LASER_ON(11,"21425",0,500)
N3110 G03 I-0.0150
N3120TC_LASER_OFF(3)
N3130 G01 X7.283 Y57.091
N3140TC_LASER_ON(11,"21425",0,500)
N3150 G03 I-0.0150
N3160TC_LASER_OFF(3)
N3170 G01 X7.614 Y57.778
N3180TC_LASER_ON(11,"21425",0,500)
N3190 G03 I-0.0150
N3200TC_LASER_OFF(3)
N3210 G01 X10.841 Y57.091
N3220TC_LASER_ON(11,"21425",0,500)
N3230 G03 I-0.0150
N3240TC_LASER_OFF(3)
N3250 G01 X12.103 Y57.778
N3260TC_LASER_ON(11,"21425",0,500)
N3270 G03 I-0.0150
N3280TC_LASER_OFF(3)
N3290 G01 X14.399 Y57.091
N3300TC_LASER_ON(11,"21425",0,500)
N3310 G03 I-0.0150
N3320TC_LASER_OFF(3)
N3330 G01 X16.592 Y57.778
N3340TC_LASER_ON(11,"21425",0,500)
N3350 G03 I-0.0150
N3360TC_LASER_OFF(3)
N3370 G01 X17.957 Y57.091
N3380TC_LASER_ON(11,"21425",0,500)
N3390 G03 I-0.0150
N3400TC_LASER_OFF(3)
N3410 G01 X21.08 Y57.778
N3420TC_LASER_ON(11,"21425",0,500)
N3430 G03 I-0.0150
N3440TC_LASER_OFF(3)
N3450 G01 X21.515 Y57.091
N3460TC_LASER_ON(11,"21425",0,500)
N3470 G03 I-0.0150
N3480TC_LASER_OFF(3)
N3490 G01 X25.569 Y57.778
N3500TC_LASER_ON(11,"21425",0,500)
N3510 G03 I-0.0150
N3520TC_LASER_OFF(3)
N3530 G01 X25.073 Y57.091
N3540TC_LASER_ON(11,"21425",0,500)
N3550 G03 I-0.0150
N3560TC_LASER_OFF(3)
N3570 G01 X27.073 Y56.313
N3580TC_LASER_ON(11,"21425",0,500)
N3590 G03 I-0.0150
N3600TC_LASER_OFF(3)
N3610 G01 X29.073 Y55.77
N3620TC_LASER_ON(11,"21425",0,500)
N3630 G03 I-0.0150
N3640TC_LASER_OFF(3)
N3650 G01 X32.912
N3660TC_LASER_ON(11,"21425",0,500)
N3670 G03 I-0.0150
N3680TC_LASER_OFF(3)
N3690 G01 X32.974 Y53.652
N3700TC_LASER_ON(11,"21425",0,500)
N3710 G03 I-0.0150
N3720TC_LASER_OFF(3)
N3730 G01 Y49.328
N3740TC_LASER_ON(11,"21425",0,500)
N3750 G03 I-0.0150
N3760TC_LASER_OFF(3)
N3770 G01 Y45.004
N3780TC_LASER_ON(11,"21425",0,500)
N3790 G03 I-0.0150
N3800TC_LASER_OFF(3)
N3810 G01 Y40.679
N3820TC_LASER_ON(11,"21425",0,500)
N3830 G03 I-0.0150
N3840TC_LASER_OFF(3)
N3850 G01 X25.916 Y38.585
N3860TC_LASER_ON(11,"21425",0,500)
N3870 G03 I-0.0150
N3880TC_LASER_OFF(3)
N3890 G01 X30.574
N3900TC_LASER_ON(11,"21425",0,500)
N3910 G03 I-0.0150
N3920TC_LASER_OFF(3)
N3930 G01 X32.974 Y36.443
N3940TC_LASER_ON(11,"21425",0,500)
N3950 G03 I-0.0150
N3960TC_LASER_OFF(3)
N3970 G01 Y31.679
N3980TC_LASER_ON(11,"21425",0,500)
N3990 G03 I-0.0150
N4000TC_LASER_OFF(3)
N4010 G01 Y26.914
N4020TC_LASER_ON(11,"21425",0,500)
N4030 G03 I-0.0150
N4040TC_LASER_OFF(3)
N4050 G01 X35.232 Y38.585
N4060TC_LASER_ON(11,"21425",0,500)
N4070 G03 I-0.0150
N4080TC_LASER_OFF(3)
N4090 G01 X39.891
N4100TC_LASER_ON(11,"21425",0,500)
N4110 G03 I-0.0150
N4120TC_LASER_OFF(3)
N4130 G01 X44.549
N4140TC_LASER_ON(11,"21425",0,500)
N4150 G03 I-0.0150
N4160TC_LASER_OFF(3)
N4170 G01 X49.207
N4180TC_LASER_ON(11,"21425",0,500)
N4190 G03 I-0.0150
N4200TC_LASER_OFF(3)
N4210 G01 X36.752 Y55.77
N4220TC_LASER_ON(11,"21425",0,500)
N4230 G03 I-0.0150
N4240TC_LASER_OFF(3)
N4250 G01 X38.752 Y56.313
N4260TC_LASER_ON(11,"21425",0,500)
N4270 G03 I-0.0150
N4280TC_LASER_OFF(3)
N4290 G01 X39.036 Y57.778
N4300TC_LASER_ON(11,"21425",0,500)
N4310 G03 I-0.0150
N4320TC_LASER_OFF(3)
N4330 G01 X40.752 Y57.091
N4340TC_LASER_ON(11,"21425",0,500)
N4350 G03 I-0.0150
N4360TC_LASER_OFF(3)
N4370 G01 X43.525 Y57.778
N4380TC_LASER_ON(11,"21425",0,500)
N4390 G03 I-0.0150
N4400TC_LASER_OFF(3)
N4410 G01 X45.086 Y57.091
N4420TC_LASER_ON(11,"21425",0,500)
N4430 G03 I-0.0150
N4440TC_LASER_OFF(3)
N4450 G01 X48.014 Y57.778
N4460TC_LASER_ON(11,"21425",0,500)
N4470 G03 I-0.0150
N4480TC_LASER_OFF(3)
N4490 G01 X49.419 Y57.091
N4500TC_LASER_ON(11,"21425",0,500)
N4510 G03 I-0.0150
N4520TC_LASER_OFF(3)
N4530 G01 X52.503 Y57.778
N4540TC_LASER_ON(11,"21425",0,500)
N4550 G03 I-0.0150
N4560TC_LASER_OFF(3)
N4570 G01 X53.753 Y57.091
N4580TC_LASER_ON(11,"21425",0,500)
N4590 G03 I-0.0150
N4600TC_LASER_OFF(3)
N4610 G01 X56.991 Y57.778
N4620TC_LASER_ON(11,"21425",0,500)
N4630 G03 I-0.0150
N4640TC_LASER_OFF(3)
N4650 G01 X58.087 Y57.091
N4660TC_LASER_ON(11,"21425",0,500)
N4670 G03 I-0.0150
N4680TC_LASER_OFF(3)
N4690 G01 X53.866 Y38.585
N4700TC_LASER_ON(11,"21425",0,500)
N4710 G03 I-0.0150
N4720TC_LASER_OFF(3)
N4730 G01 X58.524
N4740TC_LASER_ON(11,"21425",0,500)
N4750 G03 I-0.0150
N4760TC_LASER_OFF(3)
N4770 G01 X60.853 Y31.679
N4780TC_LASER_ON(11,"21425",0,500)
N4790 G03 I-0.0150
N4800TC_LASER_OFF(3)
N4810 G01 Y36.443
N4820TC_LASER_ON(11,"21425",0,500)
N4830 G03 I-0.0150
N4840TC_LASER_OFF(3)
N4850 G01 X63.182 Y38.585
N4860TC_LASER_ON(11,"21425",0,500)
N4870 G03 I-0.0150
N4880TC_LASER_OFF(3)
N4890 G01 X67.84
N4900TC_LASER_ON(11,"21425",0,500)
N4910 G03 I-0.0150
N4920TC_LASER_OFF(3)
N4930 G01 X72.499
N4940TC_LASER_ON(11,"21425",0,500)
N4950 G03 I-0.0150
N4960TC_LASER_OFF(3)
N4970 G01 X60.853 Y40.679
N4980TC_LASER_ON(11,"21425",0,500)
N4990 G03 I-0.0150
N5000TC_LASER_OFF(3)
N5010 G01 Y45.444
N5020TC_LASER_ON(11,"21425",0,500)
N5030 G03 I-0.0150
N5040TC_LASER_OFF(3)
N5050 G01 Y50.208
N5060TC_LASER_ON(11,"21425",0,500)
N5070 G03 I-0.0150
N5080TC_LASER_OFF(3)
N5090 G01 Y54.973
N5100TC_LASER_ON(11,"21425",0,500)
N5110 G03 I-0.0150
N5120TC_LASER_OFF(3)
N5130 G01 X62.42 Y57.091
N5140TC_LASER_ON(11,"21425",0,500)
N5150 G03 I-0.0150
N5160TC_LASER_OFF(3)
N5170 G01 X61.48 Y57.778
N5180TC_LASER_ON(11,"21425",0,500)
N5190 G03 I-0.0150
N5200TC_LASER_OFF(3)
N5210 G01 X65.969
N5220TC_LASER_ON(11,"21425",0,500)
N5230 G03 I-0.0150
N5240TC_LASER_OFF(3)
N5250 G01 X66.754 Y57.091
N5260TC_LASER_ON(11,"21425",0,500)
N5270 G03 I-0.0150
N5280TC_LASER_OFF(3)
N5290 G01 X70.458 Y57.778
N5300TC_LASER_ON(11,"21425",0,500)
N5310 G03 I-0.0150
N5320TC_LASER_OFF(3)
N5330 G01 X71.087 Y57.091
N5340TC_LASER_ON(11,"21425",0,500)
N5350 G03 I-0.0150
N5360TC_LASER_OFF(3)
N5370 G01 X74.947 Y57.778
N5380TC_LASER_ON(11,"21425",0,500)
N5390 G03 I-0.0150
N5400TC_LASER_OFF(3)
N5410 G01 X75.421 Y57.091
N5420TC_LASER_ON(11,"21425",0,500)
N5430 G03 I-0.0150
N5440TC_LASER_OFF(3)
N5450 G01 X79.436 Y57.778
N5460TC_LASER_ON(11,"21425",0,500)
N5470 G03 I-0.0150
N5480TC_LASER_OFF(3)
N5490 G01 X79.755 Y57.091
N5500TC_LASER_ON(11,"21425",0,500)
N5510 G03 I-0.0150
N5520TC_LASER_OFF(3)
N5530 G01 X83.925 Y57.778
N5540TC_LASER_ON(11,"21425",0,500)
N5550 G03 I-0.0150
N5560TC_LASER_OFF(3)
N5570 G01 X84.088 Y57.091
N5580TC_LASER_ON(11,"21425",0,500)
N5590 G03 I-0.0150
N5600TC_LASER_OFF(3)
N5610 G01 X77.157 Y38.585
N5620TC_LASER_ON(11,"21425",0,500)
N5630 G03 I-0.0150
N5640TC_LASER_OFF(3)
N5650 G01 X81.815
N5660TC_LASER_ON(11,"21425",0,500)
N5670 G03 I-0.0150
N5680TC_LASER_OFF(3)
N5690 G01 X86.474
N5700TC_LASER_ON(11,"21425",0,500)
N5710 G03 I-0.0150
N5720TC_LASER_OFF(3)
N5730 G01 X88.732 Y31.679
N5740TC_LASER_ON(11,"21425",0,500)
N5750 G03 I-0.0150
N5760TC_LASER_OFF(3)
N5770 G01 Y36.443
N5780TC_LASER_ON(11,"21425",0,500)
N5790 G03 I-0.0150
N5800TC_LASER_OFF(3)
N5810 G01 X91.132 Y38.585
N5820TC_LASER_ON(11,"21425",0,500)
N5830 G03 I-0.0150
N5840TC_LASER_OFF(3)
N5850 G01 X95.79
N5860TC_LASER_ON(11,"21425",0,500)
N5870 G03 I-0.0150
N5880TC_LASER_OFF(3)
N5890 G01 X100.448
N5900TC_LASER_ON(11,"21425",0,500)
N5910 G03 I-0.0150
N5920TC_LASER_OFF(3)
N5930 G01 X88.732 Y40.679
N5940TC_LASER_ON(11,"21425",0,500)
N5950 G03 I-0.0150
N5960TC_LASER_OFF(3)
N5970 G01 Y45.444
N5980TC_LASER_ON(11,"21425",0,500)
N5990 G03 I-0.0150
N6000TC_LASER_OFF(3)
N6010 G01 Y50.208
N6020TC_LASER_ON(11,"21425",0,500)
N6030 G03 I-0.0150
N6040TC_LASER_OFF(3)
N6050 G01 Y54.973
N6060TC_LASER_ON(11,"21425",0,500)
N6070 G03 I-0.0150
N6080TC_LASER_OFF(3)
N6090 G01 X88.422 Y57.091
N6100TC_LASER_ON(11,"21425",0,500)
N6110 G03 I-0.0150
N6120TC_LASER_OFF(3)
N6130 G01 X88.414 Y57.778
N6140TC_LASER_ON(11,"21425",0,500)
N6150 G03 I-0.0150
N6160TC_LASER_OFF(3)
N6170 G01 X92.755 Y57.091
N6180TC_LASER_ON(11,"21425",0,500)
N6190 G03 I-0.0150
N6200TC_LASER_OFF(3)
N6210 G01 X92.902 Y57.778
N6220TC_LASER_ON(11,"21425",0,500)
N6230 G03 I-0.0150
N6240TC_LASER_OFF(3)
N6250 G01 X97.089 Y57.091
N6260TC_LASER_ON(11,"21425",0,500)
N6270 G03 I-0.0150
N6280TC_LASER_OFF(3)
N6290 G01 X97.391 Y57.778
N6300TC_LASER_ON(11,"21425",0,500)
N6310 G03 I-0.0150
N6320TC_LASER_OFF(3)
N6330 G01 X101.422 Y57.091
N6340TC_LASER_ON(11,"21425",0,500)
N6350 G03 I-0.0150
N6360TC_LASER_OFF(3)
N6370 G01 X101.88 Y57.778
N6380TC_LASER_ON(11,"21425",0,500)
N6390 G03 I-0.0150
N6400TC_LASER_OFF(3)
N6410 G01 X105.756 Y57.091
N6420TC_LASER_ON(11,"21425",0,500)
N6430 G03 I-0.0150
N6440TC_LASER_OFF(3)
N6450 G01 X106.369 Y57.778
N6460TC_LASER_ON(11,"21425",0,500)
N6470 G03 I-0.0150
N6480TC_LASER_OFF(3)
N6490 G01 X110.09 Y57.091
N6500TC_LASER_ON(11,"21425",0,500)
N6510 G03 I-0.0150
N6520TC_LASER_OFF(3)
N6530 G01 X110.858 Y57.778
N6540TC_LASER_ON(11,"21425",0,500)
N6550 G03 I-0.0150
N6560TC_LASER_OFF(3)
N6570 G01 X114.423 Y57.091
N6580TC_LASER_ON(11,"21425",0,500)
N6590 G03 I-0.0150
N6600TC_LASER_OFF(3)
N6610 G01 X115.347 Y57.778
N6620TC_LASER_ON(11,"21425",0,500)
N6630 G03 I-0.0150
N6640TC_LASER_OFF(3)
N6650 G01 X117.701 Y55.896
N6660TC_LASER_ON(11,"21425",0,500)
N6670 G03 I-0.0150
N6680TC_LASER_OFF(3)
N6690 G01 X117.465 Y55.646
N6700TC_LASER_ON(11,"21425",0,500)
N6710 G03 I-0.0150
N6720TC_LASER_OFF(3)
N6730 G01 X116.875 Y55.209
N6740TC_LASER_ON(11,"21425",0,500)
N6750 G03 I-0.0150
N6760TC_LASER_OFF(3)
N6770 G01 X116.541
N6780TC_LASER_ON(11,"21425",0,500)
N6790 G03 I-0.0150
N6800TC_LASER_OFF(3)
N6810 G01 X117.701 Y51.804
N6820TC_LASER_ON(11,"21425",0,500)
N6830 G03 I-0.0150
N6840TC_LASER_OFF(3)
N6850 G01 X117.465 Y50.855
N6860TC_LASER_ON(11,"21425",0,500)
N6870 G03 I-0.0150
N6880TC_LASER_OFF(3)
N6890 G01 X116.875 Y50.498
N6900TC_LASER_ON(11,"21425",0,500)
N6910 G03 I-0.0150
N6920TC_LASER_OFF(3)
N6930 G01 X116.541
N6940TC_LASER_ON(11,"21425",0,500)
N6950 G03 I-0.0150
N6960TC_LASER_OFF(3)
N6970 G01 X117.701 Y47.712
N6980TC_LASER_ON(11,"21425",0,500)
N6990 G03 I-0.0150
N7000TC_LASER_OFF(3)
N7010 G01 X117.465 Y46.064
N7020TC_LASER_ON(11,"21425",0,500)
N7030 G03 I-0.0150
N7040TC_LASER_OFF(3)
N7050 G01 X116.875 Y45.786
N7060TC_LASER_ON(11,"21425",0,500)
N7070 G03 I-0.0150
N7080TC_LASER_OFF(3)
N7090 G01 X116.541
N7100TC_LASER_ON(11,"21425",0,500)
N7110 G03 I-0.0150
N7120TC_LASER_OFF(3)
N7130 G01 X117.701 Y43.619
N7140TC_LASER_ON(11,"21425",0,500)
N7150 G03 I-0.0150
N7160TC_LASER_OFF(3)
N7170 G01 X117.465 Y41.274
N7180TC_LASER_ON(11,"21425",0,500)
N7190 G03 I-0.0150
N7200TC_LASER_OFF(3)
N7210 G01 X116.875 Y41.075
N7220TC_LASER_ON(11,"21425",0,500)
N7230 G03 I-0.0150
N7240TC_LASER_OFF(3)
N7250 G01 X116.541
N7260TC_LASER_ON(11,"21425",0,500)
N7270 G03 I-0.0150
N7280TC_LASER_OFF(3)
N7290 G01 X105.107 Y38.585
N7300TC_LASER_ON(11,"21425",0,500)
N7310 G03 I-0.0150
N7320TC_LASER_OFF(3)
N7330 G01 X109.765
N7340TC_LASER_ON(11,"21425",0,500)
N7350 G03 I-0.0150
N7360TC_LASER_OFF(3)
N7370 G01 X114.423
N7380TC_LASER_ON(11,"21425",0,500)
N7390 G03 I-0.0150
N7400TC_LASER_OFF(3)
N7410 G01 X117.701 Y39.527
N7420TC_LASER_ON(11,"21425",0,500)
N7430 G03 I-0.0150
N7440TC_LASER_OFF(3)
N7450 G01 X116.541 Y36.364
N7460TC_LASER_ON(11,"21425",0,500)
N7470 G03 I-0.0150
N7480TC_LASER_OFF(3)
N7490 G01 X116.875
N7500TC_LASER_ON(11,"21425",0,500)
N7510 G03 I-0.0150
N7520TC_LASER_OFF(3)
N7530 G01 X117.465 Y36.483
N7540TC_LASER_ON(11,"21425",0,500)
N7550 G03 I-0.0150
N7560TC_LASER_OFF(3)
N7570 G01 X117.701 Y35.435
N7580TC_LASER_ON(11,"21425",0,500)
N7590 G03 I-0.0150
N7600TC_LASER_OFF(3)
N7610 G01 X116.541 Y31.652
N7620TC_LASER_ON(11,"21425",0,500)
N7630 G03 I-0.0150
N7640TC_LASER_OFF(3)
N7650 G01 X116.875
N7660TC_LASER_ON(11,"21425",0,500)
N7670 G03 I-0.0150
N7680TC_LASER_OFF(3)
N7690 G01 X117.465 Y31.692
N7700TC_LASER_ON(11,"21425",0,500)
N7710 G03 I-0.0150
N7720TC_LASER_OFF(3)
N7730 G01 X117.701 Y31.343
N7740TC_LASER_ON(11,"21425",0,500)
N7750 G03 I-0.0150
N7760TC_LASER_OFF(3)
N7770 G01 X116.541 Y26.941
N7780TC_LASER_ON(11,"21425",0,500)
N7790 G03 I-0.0150
N7800TC_LASER_OFF(3)
N7810 G01 X116.875
N7820TC_LASER_ON(11,"21425",0,500)
N7830 G03 I-0.0150
N7840TC_LASER_OFF(3)
N7850 G01 X117.465 Y26.901
N7860TC_LASER_ON(11,"21425",0,500)
N7870 G03 I-0.0150
N7880TC_LASER_OFF(3)
N7890 G01 X117.701 Y27.25
N7900TC_LASER_ON(11,"21425",0,500)
N7910 G03 I-0.0150
N7920TC_LASER_OFF(3)
N7930 G01 Y23.158
N7940TC_LASER_ON(11,"21425",0,500)
N7950 G03 I-0.0150
N7960TC_LASER_OFF(3)
N7970 G01 X116.541 Y22.229
N7980TC_LASER_ON(11,"21425",0,500)
N7990 G03 I-0.0150
N8000TC_LASER_OFF(3)
N8010 G01 X116.875
N8020TC_LASER_ON(11,"21425",0,500)
N8030 G03 I-0.0150
N8040TC_LASER_OFF(3)
N8050 G01 X117.465 Y22.11
N8060TC_LASER_ON(11,"21425",0,500)
N8070 G03 I-0.0150
N8080TC_LASER_OFF(3)
N8090 G01 X105.107 Y20.009
N8100TC_LASER_ON(11,"21425",0,500)
N8110 G03 I-0.0150
N8120TC_LASER_OFF(3)
N8130 G01 X109.765
N8140TC_LASER_ON(11,"21425",0,500)
N8150 G03 I-0.0150
N8160TC_LASER_OFF(3)
N8170 G01 X114.423
N8180TC_LASER_ON(11,"21425",0,500)
N8190 G03 I-0.0150
N8200TC_LASER_OFF(3)
N8210 G01 X117.701 Y19.066
N8220TC_LASER_ON(11,"21425",0,500)
N8230 G03 I-0.0150
N8240TC_LASER_OFF(3)
N8250 G01 X116.541 Y17.518
N8260TC_LASER_ON(11,"21425",0,500)
N8270 G03 I-0.0150
N8280TC_LASER_OFF(3)
N8290 G01 X116.875
N8300TC_LASER_ON(11,"21425",0,500)
N8310 G03 I-0.0150
N8320TC_LASER_OFF(3)
N8330 G01 X117.465 Y17.319
N8340TC_LASER_ON(11,"21425",0,500)
N8350 G03 I-0.0150
N8360TC_LASER_OFF(3)
N8370 G01 X117.701 Y14.974
N8380TC_LASER_ON(11,"21425",0,500)
N8390 G03 I-0.0150
N8400TC_LASER_OFF(3)
N8410 G01 X116.541 Y12.807
N8420TC_LASER_ON(11,"21425",0,500)
N8430 G03 I-0.0150
N8440TC_LASER_OFF(3)
N8450 G01 X116.875
N8460TC_LASER_ON(11,"21425",0,500)
N8470 G03 I-0.0150
N8480TC_LASER_OFF(3)
N8490 G01 X117.465 Y12.529
N8500TC_LASER_ON(11,"21425",0,500)
N8510 G03 I-0.0150
N8520TC_LASER_OFF(3)
N8530 G01 X117.701 Y10.881
N8540TC_LASER_ON(11,"21425",0,500)
N8550 G03 I-0.0150
N8560TC_LASER_OFF(3)
N8570 G01 X116.541 Y8.095
N8580TC_LASER_ON(11,"21425",0,500)
N8590 G03 I-0.0150
N8600TC_LASER_OFF(3)
N8610 G01 X116.875
N8620TC_LASER_ON(11,"21425",0,500)
N8630 G03 I-0.0150
N8640TC_LASER_OFF(3)
N8650 G01 X117.465 Y7.738
N8660TC_LASER_ON(11,"21425",0,500)
N8670 G03 I-0.0150
N8680TC_LASER_OFF(3)
N8690 G01 X117.701 Y6.789
N8700TC_LASER_ON(11,"21425",0,500)
N8710 G03 I-0.0150
N8720TC_LASER_OFF(3)
N8730 G01 Y2.697
N8740TC_LASER_ON(11,"21425",0,500)
N8750 G03 I-0.0150
N8760TC_LASER_OFF(3)
N8770 G01 X117.465 Y2.947
N8780TC_LASER_ON(11,"21425",0,500)
N8790 G03 I-0.0150
N8800TC_LASER_OFF(3)
N8810 G01 X116.875 Y3.384
N8820TC_LASER_ON(11,"21425",0,500)
N8830 G03 I-0.0150
N8840TC_LASER_OFF(3)
N8850 G01 X116.541
N8860TC_LASER_ON(11,"21425",0,500)
N8870 G03 I-0.0150
N8880TC_LASER_OFF(3)
N8890 G01 X115.347 Y.815
N8900TC_LASER_ON(11,"21425",0,500)
N8910 G03 I-0.0150
N8920TC_LASER_OFF(3)
N8930 G01 X114.423 Y1.502
N8940TC_LASER_ON(11,"21425",0,500)
N8950 G03 I-0.0150
N8960TC_LASER_OFF(3)
N8970 G01 X110.858 Y.815
N8980TC_LASER_ON(11,"21425",0,500)
N8990 G03 I-0.0150
N9000TC_LASER_OFF(3)
N9010 G01 X109.765 Y1.502
N9020TC_LASER_ON(11,"21425",0,500)
N9030 G03 I-0.0150
N9040TC_LASER_OFF(3)
N9050 G01 X106.369 Y.815
N9060TC_LASER_ON(11,"21425",0,500)
N9070 G03 I-0.0150
N9080TC_LASER_OFF(3)
N9090 G01 X105.107 Y1.502
N9100TC_LASER_ON(11,"21425",0,500)
N9110 G03 I-0.0150
N9120TC_LASER_OFF(3)
N9130 G01 X100.448 Y20.009
N9140TC_LASER_ON(11,"21425",0,500)
N9150 G03 I-0.0150
N9160TC_LASER_OFF(3)
N9170 G01 X101.88 Y.815
N9180TC_LASER_ON(11,"21425",0,500)
N9190 G03 I-0.0150
N9200TC_LASER_OFF(3)
N9210 G01 X100.448 Y1.502
N9220TC_LASER_ON(11,"21425",0,500)
N9230 G03 I-0.0150
N9240TC_LASER_OFF(3)
N9250 G01 X95.79 Y20.009
N9260TC_LASER_ON(11,"21425",0,500)
N9270 G03 I-0.0150
N9280TC_LASER_OFF(3)
N9290 G01 X88.732 Y26.914
N9300TC_LASER_ON(11,"21425",0,500)
N9310 G03 I-0.0150
N9320TC_LASER_OFF(3)
N9330 G01 Y22.15
N9340TC_LASER_ON(11,"21425",0,500)
N9350 G03 I-0.0150
N9360TC_LASER_OFF(3)
N9370 G01 X77.157 Y20.009
N9380TC_LASER_ON(11,"21425",0,500)
N9390 G03 I-0.0150
N9400TC_LASER_OFF(3)
N9410 G01 X81.815
N9420TC_LASER_ON(11,"21425",0,500)
N9430 G03 I-0.0150
N9440TC_LASER_OFF(3)
N9450 G01 X86.474
N9460TC_LASER_ON(11,"21425",0,500)
N9470 G03 I-0.0150
N9480TC_LASER_OFF(3)
N9490 G01 X91.132
N9500TC_LASER_ON(11,"21425",0,500)
N9510 G03 I-0.0150
N9520TC_LASER_OFF(3)
N9530 G01 X88.732 Y17.914
N9540TC_LASER_ON(11,"21425",0,500)
N9550 G03 I-0.0150
N9560TC_LASER_OFF(3)
N9570 G01 Y13.149
N9580TC_LASER_ON(11,"21425",0,500)
N9590 G03 I-0.0150
N9600TC_LASER_OFF(3)
N9610 G01 Y8.385
N9620TC_LASER_ON(11,"21425",0,500)
N9630 G03 I-0.0150
N9640TC_LASER_OFF(3)
N9650 G01 X97.391 Y.815
N9660TC_LASER_ON(11,"21425",0,500)
N9670 G03 I-0.0150
N9680TC_LASER_OFF(3)
N9690 G01 X95.79 Y1.502
N9700TC_LASER_ON(11,"21425",0,500)
N9710 G03 I-0.0150
N9720TC_LASER_OFF(3)
N9730 G01 X92.902 Y.815
N9740TC_LASER_ON(11,"21425",0,500)
N9750 G03 I-0.0150
N9760TC_LASER_OFF(3)
N9770 G01 X91.132 Y1.502
N9780TC_LASER_ON(11,"21425",0,500)
N9790 G03 I-0.0150
N9800TC_LASER_OFF(3)
N9810 G01 X88.732 Y3.62
N9820TC_LASER_ON(11,"21425",0,500)
N9830 G03 I-0.0150
N9840TC_LASER_OFF(3)
N9850 G01 X88.414 Y.815
N9860TC_LASER_ON(11,"21425",0,500)
N9870 G03 I-0.0150
N9880TC_LASER_OFF(3)
N9890 G01 X86.474 Y1.502
N9900TC_LASER_ON(11,"21425",0,500)
N9910 G03 I-0.0150
N9920TC_LASER_OFF(3)
N9930 G01 X83.925 Y.815
N9940TC_LASER_ON(11,"21425",0,500)
N9950 G03 I-0.0150
N9960TC_LASER_OFF(3)
N9970 G01 X81.815 Y1.502
N9980TC_LASER_ON(11,"21425",0,500)
N9990 G03 I-0.0150
N10000TC_LASER_OFF(3)
N10010 G01 X79.436 Y.815
N10020TC_LASER_ON(11,"21425",0,500)
N10030 G03 I-0.0150
N10040TC_LASER_OFF(3)
N10050 G01 X77.157 Y1.502
N10060TC_LASER_ON(11,"21425",0,500)
N10070 G03 I-0.0150
N10080TC_LASER_OFF(3)
N10090 G01 X74.947 Y.815
N10100TC_LASER_ON(11,"21425",0,500)
N10110 G03 I-0.0150
N10120TC_LASER_OFF(3)
N10130 G01 X72.499 Y1.502
N10140TC_LASER_ON(11,"21425",0,500)
N10150 G03 I-0.0150
N10160TC_LASER_OFF(3)
N10170 G01 Y20.009
N10180TC_LASER_ON(11,"21425",0,500)
N10190 G03 I-0.0150
N10200TC_LASER_OFF(3)
N10210 G01 X67.84
N10220TC_LASER_ON(11,"21425",0,500)
N10230 G03 I-0.0150
N10240TC_LASER_OFF(3)
N10250 G01 X70.458 Y.815
N10260TC_LASER_ON(11,"21425",0,500)
N10270 G03 I-0.0150
N10280TC_LASER_OFF(3)
N10290 G01 X67.84 Y1.502
N10300TC_LASER_ON(11,"21425",0,500)
N10310 G03 I-0.0150
N10320TC_LASER_OFF(3)
N10330 G01 X63.182 Y20.009
N10340TC_LASER_ON(11,"21425",0,500)
N10350 G03 I-0.0150
N10360TC_LASER_OFF(3)
N10370 G01 X60.853 Y26.914
N10380TC_LASER_ON(11,"21425",0,500)
N10390 G03 I-0.0150
N10400TC_LASER_OFF(3)
N10410 G01 Y22.15
N10420TC_LASER_ON(11,"21425",0,500)
N10430 G03 I-0.0150
N10440TC_LASER_OFF(3)
N10450 G01 X44.549 Y20.009
N10460TC_LASER_ON(11,"21425",0,500)
N10470 G03 I-0.0150
N10480TC_LASER_OFF(3)
N10490 G01 X49.207
N10500TC_LASER_ON(11,"21425",0,500)
N10510 G03 I-0.0150
N10520TC_LASER_OFF(3)
N10530 G01 X53.866
N10540TC_LASER_ON(11,"21425",0,500)
N10550 G03 I-0.0150
N10560TC_LASER_OFF(3)
N10570 G01 X58.524
N10580TC_LASER_ON(11,"21425",0,500)
N10590 G03 I-0.0150
N10600TC_LASER_OFF(3)
N10610 G01 X60.853 Y17.914
N10620TC_LASER_ON(11,"21425",0,500)
N10630 G03 I-0.0150
N10640TC_LASER_OFF(3)
N10650 G01 Y13.149
N10660TC_LASER_ON(11,"21425",0,500)
N10670 G03 I-0.0150
N10680TC_LASER_OFF(3)
N10690 G01 Y8.385
N10700TC_LASER_ON(11,"21425",0,500)
N10710 G03 I-0.0150
N10720TC_LASER_OFF(3)
N10730 G01 X65.969 Y.815
N10740TC_LASER_ON(11,"21425",0,500)
N10750 G03 I-0.0150
N10760TC_LASER_OFF(3)
N10770 G01 X63.182 Y1.502
N10780TC_LASER_ON(11,"21425",0,500)
N10790 G03 I-0.0150
N10800TC_LASER_OFF(3)
N10810 G01 X60.853 Y3.62
N10820TC_LASER_ON(11,"21425",0,500)
N10830 G03 I-0.0150
N10840TC_LASER_OFF(3)
N10850 G01 X61.48 Y.815
N10860TC_LASER_ON(11,"21425",0,500)
N10870 G03 I-0.0150
N10880TC_LASER_OFF(3)
N10890 G01 X58.524 Y1.502
N10900TC_LASER_ON(11,"21425",0,500)
N10910 G03 I-0.0150
N10920TC_LASER_OFF(3)
N10930 G01 X56.991 Y.815
N10940TC_LASER_ON(11,"21425",0,500)
N10950 G03 I-0.0150
N10960TC_LASER_OFF(3)
N10970 G01 X53.866 Y1.502
N10980TC_LASER_ON(11,"21425",0,500)
N10990 G03 I-0.0150
N11000TC_LASER_OFF(3)
N11010 G01 X52.503 Y.815
N11020TC_LASER_ON(11,"21425",0,500)
N11030 G03 I-0.0150
N11040TC_LASER_OFF(3)
N11050 G01 X49.207 Y1.502
N11060TC_LASER_ON(11,"21425",0,500)
N11070 G03 I-0.0150
N11080TC_LASER_OFF(3)
N11090 G01 X48.014 Y.815
N11100TC_LASER_ON(11,"21425",0,500)
N11110 G03 I-0.0150
N11120TC_LASER_OFF(3)
N11130 G01 X44.549 Y1.502
N11140TC_LASER_ON(11,"21425",0,500)
N11150 G03 I-0.0150
N11160TC_LASER_OFF(3)
N11170 G01 X43.525 Y.815
N11180TC_LASER_ON(11,"21425",0,500)
N11190 G03 I-0.0150
N11200TC_LASER_OFF(3)
N11210 G01 X39.891 Y1.502
N11220TC_LASER_ON(11,"21425",0,500)
N11230 G03 I-0.0150
N11240TC_LASER_OFF(3)
N11250 G01 X39.036 Y.815
N11260TC_LASER_ON(11,"21425",0,500)
N11270 G03 I-0.0150
N11280TC_LASER_OFF(3)
N11290 G01 X39.891 Y20.009
N11300TC_LASER_ON(11,"21425",0,500)
N11310 G03 I-0.0150
N11320TC_LASER_OFF(3)
N11330 G01 X35.232
N11340TC_LASER_ON(11,"21425",0,500)
N11350 G03 I-0.0150
N11360TC_LASER_OFF(3)
N11370 G01 X32.974 Y22.15
N11380TC_LASER_ON(11,"21425",0,500)
N11390 G03 I-0.0150
N11400TC_LASER_OFF(3)
N11410 G01 X25.916 Y20.009
N11420TC_LASER_ON(11,"21425",0,500)
N11430 G03 I-0.0150
N11440TC_LASER_OFF(3)
N11450 G01 X30.574
N11460TC_LASER_ON(11,"21425",0,500)
N11470 G03 I-0.0150
N11480TC_LASER_OFF(3)
N11490 G01 X32.974 Y17.914
N11500TC_LASER_ON(11,"21425",0,500)
N11510 G03 I-0.0150
N11520TC_LASER_OFF(3)
N11530 G01 Y13.149
N11540TC_LASER_ON(11,"21425",0,500)
N11550 G03 I-0.0150
N11560TC_LASER_OFF(3)
N11570 G01 Y8.385
N11580TC_LASER_ON(11,"21425",0,500)
N11590 G03 I-0.0150
N11600TC_LASER_OFF(3)
N11610 G01 X35.232 Y1.502
N11620TC_LASER_ON(11,"21425",0,500)
N11630 G03 I-0.0150
N11640TC_LASER_OFF(3)
N11650 G01 X34.547 Y.815
N11660TC_LASER_ON(11,"21425",0,500)
N11670 G03 I-0.0150
N11680TC_LASER_OFF(3)
N11690 G01 X32.974 Y3.62
N11700TC_LASER_ON(11,"21425",0,500)
N11710 G03 I-0.0150
N11720TC_LASER_OFF(3)
N11730 G01 X30.574 Y1.502
N11740TC_LASER_ON(11,"21425",0,500)
N11750 G03 I-0.0150
N11760TC_LASER_OFF(3)
N11770 G01 X30.058 Y.815
N11780TC_LASER_ON(11,"21425",0,500)
N11790 G03 I-0.0150
N11800TC_LASER_OFF(3)
N11810 G01 X25.916 Y1.502
N11820TC_LASER_ON(11,"21425",0,500)
N11830 G03 I-0.0150
N11840TC_LASER_OFF(3)
N11850 G01 X25.569 Y.815
N11860TC_LASER_ON(11,"21425",0,500)
N11870 G03 I-0.0150
N11880TC_LASER_OFF(3)
N11890 G01 X21.08
N11900TC_LASER_ON(11,"21425",0,500)
N11910 G03 I-0.0150
N11920TC_LASER_OFF(3)
N11930 G01 X21.258 Y1.502
N11940TC_LASER_ON(11,"21425",0,500)
N11950 G03 I-0.0150
N11960TC_LASER_OFF(3)
N11970 G01 X16.592 Y.815
N11980TC_LASER_ON(11,"21425",0,500)
N11990 G03 I-0.0150
N12000TC_LASER_OFF(3)
N12010 G01 X16.599 Y1.502
N12020TC_LASER_ON(11,"21425",0,500)
N12030 G03 I-0.0150
N12040TC_LASER_OFF(3)
N12050
N12060 G00 X117.764 Y54.908
N12070 TC_LASER_ON(11,"21425",0,500)
N12080 G01 X117.776
N12090 X117.799 Y54.896
N12100 X117.811 Y54.884
N12110 X117.823 Y54.86
N12120 Y54.812
N12130 X117.811 Y54.788
N12140 X117.799 Y54.777
N12150 X117.776 Y54.765
N12160 X117.752
N12170 X117.728 Y54.777
N12180 X117.692 Y54.8
N12190 X117.573 Y54.919
N12200 Y54.753
N12210 TC_LASER_OFF(1)
N12220 X117.823 Y54.622
N12230 TC_LASER_ON(11,"21425",0,500)
N12240 X117.811 Y54.658
N12250 X117.776 Y54.681
N12260 X117.716 Y54.693
N12270 X117.68
N12280 X117.621 Y54.681
N12290 X117.585 Y54.658
N12300 X117.573 Y54.622
N12310 Y54.598
N12320 X117.585 Y54.562
N12330 X117.621 Y54.538
N12340 X117.68 Y54.527
N12350 X117.716
N12360 X117.776 Y54.538
N12370 X117.811 Y54.562
N12380 X117.823 Y54.598
N12390 Y54.622
N12400 TC_LASER_OFF(1)
N12410 Y54.443
N12420 TC_LASER_ON(11,"21425",0,500)
N12430 Y54.312
N12440 X117.728 Y54.384
N12450 Y54.348
N12460 X117.716 Y54.324
N12470 X117.704 Y54.312
N12480 X117.668 Y54.3
N12490 X117.645
N12500 X117.609 Y54.312
N12510 X117.585 Y54.336
N12520 X117.573 Y54.372
N12530 Y54.408
N12540 X117.585 Y54.443
N12550 X117.597 Y54.455
N12560 X117.621 Y54.467
N12570 TC_LASER_OFF(1)
N12580 X117.823 Y54.181
N12590 TC_LASER_ON(11,"21425",0,500)
N12600 X117.811 Y54.217
N12610 X117.787 Y54.229
N12620 X117.764
N12630 X117.74 Y54.217
N12640 X117.728 Y54.193
N12650 X117.716 Y54.146
N12660 X117.704 Y54.11
N12670 X117.68 Y54.086
N12680 X117.656 Y54.074
N12690 X117.621
N12700 X117.597 Y54.086
N12710 X117.585 Y54.098
N12720 X117.573 Y54.134
N12730 Y54.181
N12740 X117.585 Y54.217
N12750 X117.597 Y54.229
N12760 X117.621 Y54.241
N12770 X117.656
N12780 X117.68 Y54.229
N12790 X117.704 Y54.205
N12800 X117.716 Y54.169
N12810 X117.728 Y54.122
N12820 X117.74 Y54.098
N12830 X117.764 Y54.086
N12840 X117.787
N12850 X117.811 Y54.098
N12860 X117.823 Y54.134
N12870 Y54.181
N12880 TC_LASER_OFF(1)
N12890 X117.776 Y53.725
N12900 TC_LASER_ON(11,"21425",0,500)
N12910 X117.787 Y53.701
N12920 X117.823 Y53.665
N12930 X117.573
N12940 TC_LASER_OFF(1)
N12950 X117.787 Y53.439
N12960 TC_LASER_ON(11,"21425",0,500)
N12970 X117.811 Y53.463
N12980 X117.823 Y53.499
N12990 Y53.546
N13000 X117.811 Y53.582
N13010 X117.787 Y53.606
N13020 X117.764
N13030 X117.74 Y53.594
N13040 X117.728 Y53.582
N13050 X117.716 Y53.558
N13060 X117.692 Y53.487
N13070 X117.68 Y53.463
N13080 X117.668 Y53.451
N13090 X117.645 Y53.439
N13100 X117.609
N13110 X117.585 Y53.463
N13120 X117.573 Y53.499
N13130 Y53.546
N13140 X117.585 Y53.582
N13150 X117.609 Y53.606
N13160 TC_LASER_OFF(1)
N13170 X117.823 Y53.368
N13180 TC_LASER_ON(11,"21425",0,500)
N13190 X117.573
N13200 TC_LASER_OFF(1)
N13210 X89.525 Y39.328
N13220; ( CUT NUMBER=8 )
N13230 TC_LASER_ON(1,"21425",10,110)
N13240 TC_LASERCORR_ON(T_RIGHT)
N13250 X89.475 Y39.328
N13260 TC_LASER_ON(5,"21425",0,100)
N13270 Y56.417
N13280 X115.868
N13290 Y39.328
N13300 X89.475
N13310 TC_LASER_OFF(1)
N13320 X117.788 Y54.922
N13330; ( CUT NUMBER=9 )
N13340 TC_LASER_ON(1,"21425",10,110)
N13350 TC_LASERCORR_ON(T_RIGHT)
N13360 X117.856 Y54.922
N13370 TC_LASER_ON(5,"21425",0,100)
N13380 G02 I-.068 J0
N13390 TC_LASER_OFF(1)
N13400 G01 X117.788 Y42.572
N13410; ( CUT NUMBER=10 )
N13420 TC_LASER_ON(1,"21425",10,110)
N13430 TC_LASERCORR_ON(T_RIGHT)
N13440 X117.856 Y42.572
N13450 TC_LASER_ON(5,"21425",0,100)
N13460 G02 I-.068 J0
N13470 TC_LASER_OFF(1)
N13480 G01 X115.818 Y37.841
N13490; ( CUT NUMBER=11 )
N13500 TC_LASER_ON(1,"21425",10,110)
N13510 TC_LASERCORR_ON(T_RIGHT)
N13520 X115.868 Y37.841
N13530 TC_LASER_ON(5,"21425",0,100)
N13540 Y20.752
N13550 X89.475
N13560 Y37.841
N13570 X115.868
N13580 TC_LASER_OFF(1)
N13590 X117.788 Y24.947
N13600; ( CUT NUMBER=12 )
N13610 TC_LASER_ON(1,"21425",10,110)
N13620 TC_LASERCORR_ON(T_RIGHT)
N13630 X117.856 Y24.947
N13640 TC_LASER_ON(5,"21425",0,100)
N13650 G02 I-.068 J0
N13660 TC_LASER_OFF(1)
N13670 G01 X115.818 Y19.265
N13680; ( CUT NUMBER=13 )
N13690 TC_LASER_ON(1,"21425",10,110)
N13700 TC_LASERCORR_ON(T_RIGHT)
N13710 X115.868 Y19.265
N13720 TC_LASER_ON(5,"21425",0,100)
N13730 Y2.175
N13740 X89.475
N13750 Y19.265
N13760 X115.868
N13770 TC_LASER_OFF(1)
N13780 X87.989 Y20.802
N13790; ( CUT NUMBER=14 )
N13800 TC_LASER_ON(1,"21425",10,110)
N13810 TC_LASERCORR_ON(T_RIGHT)
N13820 X87.989 Y20.752
N13830 TC_LASER_ON(5,"21425",0,100)
N13840 X61.596
N13850 Y37.841
N13860 X87.989
N13870 Y20.752
N13880 TC_LASER_OFF(1)
N13890 Y39.378
N13900; ( CUT NUMBER=15 )
N13910 TC_LASER_ON(1,"21425",10,110)
N13920 TC_LASERCORR_ON(T_RIGHT)
N13930 X87.989 Y39.328
N13940 TC_LASER_ON(5,"21425",0,100)
N13950 X61.596
N13960 Y56.417
N13970 X87.989
N13980 Y39.328
N13990 TC_LASER_OFF(1)
N14000 X60.06 Y37.841
N14010; ( CUT NUMBER=16 )
N14020 TC_LASER_ON(1,"21425",10,110)
N14030 TC_LASERCORR_ON(T_RIGHT)
N14040 X60.11 Y37.841
N14050 TC_LASER_ON(5,"21425",0,100)
N14060 Y20.752
N14070 X33.717
N14080 Y37.841
N14090 X60.11
N14100 TC_LASER_OFF(1)
N14110 X36.226 Y56.83
N14120; ( CUT NUMBER=17 )
N14130 TC_LASER_ON(1,"21425",10,110)
N14140 TC_LASERCORR_ON(T_RIGHT)
N14150 X36.281 Y56.83
N14160 TC_LASER_ON(5,"21425",0,100)
N14170 G02 I-.055 J0
N14180 TC_LASER_OFF(1)
N14190 G01 X36.226
N14200; ( CUT NUMBER=18 )
N14210 TC_LASER_ON(1,"21425",10,110)
N14220 TC_LASERCORR_ON(T_RIGHT)
N14230 X36.281 Y56.83
N14240 TC_LASER_ON(5,"21425",0,100)
N14250 G02 I-.055 J0
N14260 TC_LASER_OFF(1)
N14270 G01 X36.226
N14280; ( CUT NUMBER=19 )
N14290 TC_LASER_ON(1,"21425",10,110)
N14300 TC_LASERCORR_ON(T_RIGHT)
N14310 X36.281 Y56.83
N14320 TC_LASER_ON(5,"21425",0,100)
N14330 G02 I-.055 J0
N14340 TC_LASER_OFF(1)
N14350 G01 X36.226
N14360; ( CUT NUMBER=20 )
N14370 TC_LASER_ON(1,"21425",10,110)
N14380 TC_LASERCORR_ON(T_RIGHT)
N14390 X36.281 Y56.83
N14400 TC_LASER_ON(5,"21425",0,100)
N14410 G02 I-.055 J0
N14420 TC_LASER_OFF(1)
N14430 G01 X35.25
N14440; ( CUT NUMBER=21 )
N14450 TC_LASER_ON(1,"21425",10,110)
N14460 TC_LASERCORR_ON(T_RIGHT)
N14470 X35.6 Y56.83
N14480 TC_LASER_ON(5,"21425",0,100)
N14490 G02 I-.35 J0
N14500 TC_LASER_OFF(1)
N14510 G01 X35.363 Y56.486
N14520; ( CUT NUMBER=22 )
N14530 TC_LASER_ON(1,"21425",10,110)
N14540 TC_LASERCORR_ON(T_LEFT)
N14550 X35.314 Y56.477
N14560 TC_LASER_ON(5,"21425",0,100)
N14570 G02 I-.064 J.353
N14580 G01 X35.323 Y56.428
N14590 TC_LASER_OFF(1)
N14600 X34.274 Y56.83
N14610; ( CUT NUMBER=22 )
N14620 TC_LASER_ON(1,"21425",10,110)
N14630 TC_LASERCORR_ON(T_RIGHT)
N14640 X34.329 Y56.83
N14650 TC_LASER_ON(5,"21425",0,100)
N14660 G02 I-.055 J0
N14670 TC_LASER_OFF(1)
N14680 G01 X34.274
N14690; ( CUT NUMBER=23 )
N14700 TC_LASER_ON(1,"21425",10,110)
N14710 TC_LASERCORR_ON(T_RIGHT)
N14720 X34.329 Y56.83
N14730 TC_LASER_ON(5,"21425",0,100)
N14740 G02 I-.055 J0
N14750 TC_LASER_OFF(1)
N14760 G01 X34.274
N14770; ( CUT NUMBER=24 )
N14780 TC_LASER_ON(1,"21425",10,110)
N14790 TC_LASERCORR_ON(T_RIGHT)
N14800 X34.329 Y56.83
N14810 TC_LASER_ON(5,"21425",0,100)
N14820 G02 I-.055 J0
N14830 TC_LASER_OFF(1)
N14840 G01 X34.274
N14850; ( CUT NUMBER=25 )
N14860 TC_LASER_ON(1,"21425",10,110)
N14870 TC_LASERCORR_ON(T_RIGHT)
N14880 X34.329 Y56.83
N14890 TC_LASER_ON(5,"21425",0,100)
N14900 G02 I-.055 J0
N14910 TC_LASER_OFF(1)
N14920 G01 X32.6
N14930; ( CUT NUMBER=26 )
N14940 TC_LASER_ON(1,"21425",10,110)
N14950 TC_LASERCORR_ON(T_RIGHT)
N14960 X32.655 Y56.83
N14970 TC_LASER_ON(5,"21425",0,100)
N14980 G02 I-.055 J0
N14990 TC_LASER_OFF(1)
N15000 G01 X32.6
N15010; ( CUT NUMBER=27 )
N15020 TC_LASER_ON(1,"21425",10,110)
N15030 TC_LASERCORR_ON(T_RIGHT)
N15040 X32.655 Y56.83
N15050 TC_LASER_ON(5,"21425",0,100)
N15060 G02 I-.055 J0
N15070 TC_LASER_OFF(1)
N15080 G01 X31.617 Y56.602
N15090; ( CUT NUMBER=28 )
N15100 TC_LASER_ON(1,"21425",10,110)
N15110 TC_LASERCORR_ON(T_RIGHT)
N15120 X31.617 Y56.552
N15130 TC_LASER_ON(5,"21425",0,100)
N15140 X31.144
N15150 G02 Y57.107 I0 J.277
N15160 G01 X31.617
N15170 G03 X31.62 Y57.108 I0 J.004
N15180 G02 X32.301 Y56.83 I.284 J-.279
N15190 X31.62 Y56.551 I-.398 J0
N15200 G03 X31.617 Y56.552 I-.003 J-.003
N15210 TC_LASER_OFF(1)
N15220 G01 X31.144 Y57.057
N15230; ( CUT NUMBER=29 )
N15240 TC_LASER_ON(1,"21425",10,110)
N15250 TC_LASERCORR_ON(T_RIGHT)
N15260 X31.144 Y57.107
N15270 TC_LASER_ON(5,"21425",0,100)
N15280 X31.617
N15290 G03 X31.62 Y57.109 I0 J.004
N15300 G02 Y56.551 I.284 J-.279
N15310 G03 X31.617 Y56.552 I-.003 J-.003
N15320 G01 X31.144
N15330 G02 Y57.107 I0 J.277
N15340 TC_LASER_OFF(1)
N15350 G01 X30.652 Y56.83
N15360; ( CUT NUMBER=30 )
N15370 TC_LASER_ON(1,"21425",10,110)
N15380 TC_LASERCORR_ON(T_RIGHT)
N15390 X30.707 Y56.83
N15400 TC_LASER_ON(5,"21425",0,100)
N15410 G02 I-.055 J0
N15420 TC_LASER_OFF(1)
N15430 G01 X33.717 Y55.047
N15440; ( CUT NUMBER=31 )
N15450 TC_LASER_ON(1,"21425",10,110)
N15460 TC_LASERCORR_ON(T_RIGHT)
N15470 X33.717 Y55.097
N15480 TC_LASER_ON(5,"21425",0,100)
N15490 X39.422
N15500 G03 X39.426 Y55.101 I0 J.004
N15510 G01 Y56.417
N15520 X60.11
N15530 Y39.328
N15540 X33.717
N15550 Y55.097
N15560 TC_LASER_OFF(1)
N15570 X32.181 Y37.841
N15580; ( CUT NUMBER=32 )
N15590 TC_LASER_ON(1,"21425",10,110)
N15600 TC_LASERCORR_ON(T_RIGHT)
N15610 X32.231 Y37.841
N15620 TC_LASER_ON(5,"21425",0,100)
N15630 Y20.752
N15640 X5.838
N15650 Y37.841
N15660 X32.231
N15670 TC_LASER_OFF(1)
N15680 X32.181 Y39.378
N15690; ( CUT NUMBER=33 )
N15700 TC_LASER_ON(1,"21425",10,110)
N15710 TC_LASERCORR_ON(T_RIGHT)
N15720 X32.181 Y39.328
N15730 TC_LASER_ON(5,"21425",0,100)
N15740 X5.838
N15750 Y56.417
N15760 X26.399
N15770 Y55.101
N15780 G03 X26.403 Y55.097 I.004 J0
N15790 G01 X32.231
N15800 Y39.328
N15810 X32.181
N15820 TC_LASER_OFF(1)
N15830 Y19.215
N15840; ( CUT NUMBER=34 )
N15850 TC_LASER_ON(1,"21425",10,110)
N15860 TC_LASERCORR_ON(T_RIGHT)
N15870 X32.181 Y19.265
N15880 TC_LASER_ON(5,"21425",0,100)
N15890 X32.231
N15900 Y2.175
N15910 X5.838
N15920 Y19.265
N15930 X32.181
N15940 TC_LASER_OFF(1)
N15950 X33.767 Y19.215
N15960; ( CUT NUMBER=35 )
N15970 TC_LASER_ON(1,"21425",10,110)
N15980 TC_LASERCORR_ON(T_RIGHT)
N15990 X33.717 Y19.215
N16000 TC_LASER_ON(5,"21425",0,100)
N16010 Y19.265
N16020 X60.11
N16030 Y2.175
N16040 X33.717
N16050 Y19.215
N16060 TC_LASER_OFF(1)
N16070 X61.646
N16080; ( CUT NUMBER=36 )
N16090 TC_LASER_ON(1,"21425",10,110)
N16100 TC_LASERCORR_ON(T_RIGHT)
N16110 X61.596 Y19.215
N16120 TC_LASER_ON(5,"21425",0,100)
N16130 Y19.265
N16140 X87.989
N16150 Y2.175
N16160 X61.596
N16170 Y19.215
N16180 TC_LASER_OFF(1)
N16190 X118.119 Y.496
N16200; ( CUT NUMBER=37 )
N16210 TC_LASER_ON(1,"21425",10,110)
N16220 TC_LASERCORR_ON(T_LEFT)
N16230 X118.069 Y.496
N16240 TC_LASER_ON(5,"21425",0,100)
N16250 X61.646
N16260 X.5
N16270 G02 X.496 Y.5 I0 J.004
N16280 G01 Y58.093
N16290 G02 X.5 Y58.097 I.004 J0
N16300 G01 X118.069
N16310 G02 X118.073 Y58.093 I0 J-.004
N16320 G01 Y.5
N16330 G02 X118.069 Y.496 I-.004 J0
N16340 G01 Y.446
N16350 TC_LASER_OFF(1)
N16360 G01
N16370 M17
N16380 M02
STOP_TEXT
C
DA,'01000','HP',,
START_TEXT
N20 MSG("MAIN PROGRAM NO.:,P01000")
N30 MSG("TEKSOFT - TL2530 - SIEMENS - VERSION")
N40 MSG("SHEET DIMENSIONS .048 X 96.000 X 48.000")
N50 G70
N60 F3348
N70; (FILE NAME: \\tsclient\C\icon\RGINT\GCODETEMPLATES\1SI_REDO_21518.LST )
N80; (TRANSFERNAME:P01000.LST PROGRAMME RUNS:1)
N90; (MACHINE: TL2530 TYPE:1)
N100; (CONTROL: SIN 840D VERSION:)
N110 TC_SHEET_TECH("SHT-1")
N120 TC_SHEET_LOAD("SHL-1")
N130 TC_POS_LEVEL(2.)
N140; GOTOF ENTRY_LASER
N150; ENTRY_LASER:
N160; ( PART_NUMBER=1000 )
N170 X14.609 Y5.354
N180 LC101000
N190 TC_LASER_OFF(2)
N200 M30
STOP_TEXT
ENDE_PROGRAMM
ED
